==1290139== NVPROF is profiling process 1290139, command: ./nms-torch 10000
==1290139== Some kernel(s) will be replayed on device 0 in order to collect all events/metrics.
==1290139== Profiling application: ./nms-torch 10000
==1290139== Profiling result:
==1290139== Metric result:
Invocations                               Metric Name                        Metric Description         Min         Max         Avg
Device "NVIDIA GeForce GTX 1080 (0)"
    Kernel: gather_keep_from_mask(bool*, __int64 const *, int)
         10                        achieved_occupancy                        Achieved Occupancy    0.031250    0.031250    0.031250
         10                             sm_efficiency                   Multiprocessor Activity       5.00%       5.01%       5.00%
         10                    shared_load_throughput             Shared Memory Load Throughput  1.2374GB/s  1.2878GB/s  1.2745GB/s
         10                   shared_store_throughput            Shared Memory Store Throughput  1.0223GB/s  1.0639GB/s  1.0529GB/s
         10                            gld_throughput                    Global Load Throughput  1.0989GB/s  1.1436GB/s  1.1318GB/s
         10                            gst_throughput                   Global Store Throughput  26.158MB/s  27.222MB/s  26.942MB/s
    Kernel: void nms_kernel_impl<float>(int, double, float const *, __int64*)
         10                        achieved_occupancy                        Achieved Occupancy    0.846465    0.857990    0.854033
         10                             sm_efficiency                   Multiprocessor Activity      98.65%      99.23%      98.98%
         10                    shared_load_throughput             Shared Memory Load Throughput  404.49GB/s  427.08GB/s  421.94GB/s
         10                   shared_store_throughput            Shared Memory Store Throughput  12.611GB/s  13.315GB/s  13.155GB/s
         10                            gld_throughput                    Global Load Throughput  101.04GB/s  106.69GB/s  105.40GB/s
         10                            gst_throughput                   Global Store Throughput  25.380GB/s  26.798GB/s  26.475GB/s
